# JRE version: OpenJDK Runtime Environment Temurin-21.0.7+6 (21.0.7+6) (build 21.0.7+6-LTS)
# Java VM: OpenJDK 64-Bit Server VM Temurin-21.0.7+6 (21.0.7+6-LTS, mixed mode, sharing, tiered, compressed oops, compressed class ptrs, parallel gc, windows-amd64)
GC Precious Log:
 CardTable entry size: 512
 CPUs: 12 total, 12 available
 Memory: 16309M
 Large Page Support: Disabled
 NUMA Support: Disabled
 Compressed Oops: Enabled (32-bit)
 Alignments: Space 512K, Generation 512K, Heap 2M
 Heap Min Capacity: 100M
 Heap Initial Capacity: 100M
 Heap Max Capacity: 1G
 Pre-touch: Disabled
 Parallel Workers: 10
Heap:
 PSYoungGen      total 5120K, used 2367K [0x00000000eab00000, 0x00000000eb100000, 0x0000000100000000)
  eden space 4096K, 48% used [0x00000000eab00000,0x00000000eacefcc8,0x00000000eaf00000)
  from space 1024K, 37% used [0x00000000eb000000,0x00000000eb060000,0x00000000eb100000)
  to   space 1024K, 0% used [0x00000000eaf00000,0x00000000eaf00000,0x00000000eb000000)
 ParOldGen       total 461312K, used 461238K [0x00000000c0000000, 0x00000000dc280000, 0x00000000eab00000)
  object space 461312K, 99% used [0x00000000c0000000,0x00000000dc26da28,0x00000000dc280000)
 Metaspace       used 91117K, committed 93056K, reserved 1179648K
  class space    used 10528K, committed 11392K, reserved 1048576K
GC Heap History (20 events):
Event: 113.039 GC heap before
{Heap before GC invocations=1162 (full 4):
 PSYoungGen      total 3072K, used 3072K [0x00000000eab00000, 0x00000000eb400000, 0x0000000100000000)
  eden space 1536K, 100% used [0x00000000eab00000,0x00000000eac80000,0x00000000eac80000)
  from space 1536K, 100% used [0x00000000eaf80000,0x00000000eb100000,0x00000000eb100000)
  to   space 3072K, 0% used [0x00000000eac80000,0x00000000eac80000,0x00000000eaf80000)
 ParOldGen       total 455168K, used 454781K [0x00000000c0000000, 0x00000000dbc80000, 0x00000000eab00000)
  object space 455168K, 99% used [0x00000000c0000000,0x00000000dbc1f578,0x00000000dbc80000)
 Metaspace       used 89847K, committed 91712K, reserved 1179648K
  class space    used 10423K, committed 11328K, reserved 1048576K
}
Event: 113.041 GC heap after
{Heap after GC invocations=1162 (full 4):
 PSYoungGen      total 2560K, used 896K [0x00000000eab00000, 0x00000000eb100000, 0x0000000100000000)
  eden space 1536K, 0% used [0x00000000eab00000,0x00000000eab00000,0x00000000eac80000)
  from space 1024K, 87% used [0x00000000eac80000,0x00000000ead60000,0x00000000ead80000)
  to   space 2048K, 0% used [0x00000000eaf00000,0x00000000eaf00000,0x00000000eb100000)
 ParOldGen       total 456704K, used 456301K [0x00000000c0000000, 0x00000000dbe00000, 0x00000000eab00000)
  object space 456704K, 99% used [0x00000000c0000000,0x00000000dbd9b578,0x00000000dbe00000)
 Metaspace       used 89847K, committed 91712K, reserved 1179648K
  class space    used 10423K, committed 11328K, reserved 1048576K
}
Event: 113.044 GC heap before
{Heap before GC invocations=1163 (full 4):
 PSYoungGen      total 2560K, used 2432K [0x00000000eab00000, 0x00000000eb100000, 0x0000000100000000)
  eden space 1536K, 100% used [0x00000000eab00000,0x00000000eac80000,0x00000000eac80000)
  from space 1024K, 87% used [0x00000000eac80000,0x00000000ead60000,0x00000000ead80000)
  to   space 2048K, 0% used [0x00000000eaf00000,0x00000000eaf00000,0x00000000eb100000)
 ParOldGen       total 456704K, used 456301K [0x00000000c0000000, 0x00000000dbe00000, 0x00000000eab00000)
  object space 456704K, 99% used [0x00000000c0000000,0x00000000dbd9b578,0x00000000dbe00000)
 Metaspace       used 89851K, committed 91712K, reserved 1179648K
  class space    used 10423K, committed 11328K, reserved 1048576K
}
Event: 113.046 GC heap after
{Heap after GC invocations=1163 (full 4):
 PSYoungGen      total 3584K, used 1248K [0x00000000eab00000, 0x00000000eb080000, 0x0000000100000000)
  eden space 2048K, 0% used [0x00000000eab00000,0x00000000eab00000,0x00000000ead00000)
  from space 1536K, 81% used [0x00000000eaf00000,0x00000000eb038000,0x00000000eb080000)
  to   space 1536K, 0% used [0x00000000ead80000,0x00000000ead80000,0x00000000eaf00000)
 ParOldGen       total 457216K, used 457061K [0x00000000c0000000, 0x00000000dbe80000, 0x00000000eab00000)
  object space 457216K, 99% used [0x00000000c0000000,0x00000000dbe59578,0x00000000dbe80000)
 Metaspace       used 89851K, committed 91712K, reserved 1179648K
  class space    used 10423K, committed 11328K, reserved 1048576K
}
Event: 113.051 GC heap before
{Heap before GC invocations=1164 (full 4):
 PSYoungGen      total 3584K, used 3296K [0x00000000eab00000, 0x00000000eb080000, 0x0000000100000000)
  eden space 2048K, 100% used [0x00000000eab00000,0x00000000ead00000,0x00000000ead00000)
  from space 1536K, 81% used [0x00000000eaf00000,0x00000000eb038000,0x00000000eb080000)
  to   space 1536K, 0% used [0x00000000ead80000,0x00000000ead80000,0x00000000eaf00000)
 ParOldGen       total 457216K, used 457061K [0x00000000c0000000, 0x00000000dbe80000, 0x00000000eab00000)
  object space 457216K, 99% used [0x00000000c0000000,0x00000000dbe59578,0x00000000dbe80000)
 Metaspace       used 89851K, committed 91712K, reserved 1179648K
  class space    used 10423K, committed 11328K, reserved 1048576K
}
Event: 113.054 GC heap after
{Heap after GC invocations=1164 (full 4):
 PSYoungGen      total 4096K, used 1504K [0x00000000eab00000, 0x00000000eb180000, 0x0000000100000000)
  eden space 2560K, 0% used [0x00000000eab00000,0x00000000eab00000,0x00000000ead80000)
  from space 1536K, 97% used [0x00000000ead80000,0x00000000eaef8000,0x00000000eaf00000)
  to   space 2048K, 0% used [0x00000000eaf80000,0x00000000eaf80000,0x00000000eb180000)
 ParOldGen       total 458240K, used 458213K [0x00000000c0000000, 0x00000000dbf80000, 0x00000000eab00000)
  object space 458240K, 99% used [0x00000000c0000000,0x00000000dbf79578,0x00000000dbf80000)
 Metaspace       used 89851K, committed 91712K, reserved 1179648K
  class space    used 10423K, committed 11328K, reserved 1048576K
}
Event: 113.078 GC heap before
{Heap before GC invocations=1165 (full 4):
 PSYoungGen      total 4096K, used 4063K [0x00000000eab00000, 0x00000000eb180000, 0x0000000100000000)
  eden space 2560K, 99% used [0x00000000eab00000,0x00000000ead7ffe8,0x00000000ead80000)
  from space 1536K, 97% used [0x00000000ead80000,0x00000000eaef8000,0x00000000eaf00000)
  to   space 2048K, 0% used [0x00000000eaf80000,0x00000000eaf80000,0x00000000eb180000)
 ParOldGen       total 458240K, used 458213K [0x00000000c0000000, 0x00000000dbf80000, 0x00000000eab00000)
  object space 458240K, 99% used [0x00000000c0000000,0x00000000dbf79578,0x00000000dbf80000)
 Metaspace       used 90133K, committed 91968K, reserved 1179648K
  class space    used 10449K, committed 11328K, reserved 1048576K
}
Event: 113.081 GC heap after
{Heap after GC invocations=1165 (full 4):
 PSYoungGen      total 3584K, used 416K [0x00000000eab00000, 0x00000000eb000000, 0x0000000100000000)
  eden space 3072K, 0% used [0x00000000eab00000,0x00000000eab00000,0x00000000eae00000)
  from space 512K, 81% used [0x00000000eaf80000,0x00000000eafe8000,0x00000000eb000000)
  to   space 1024K, 0% used [0x00000000eae00000,0x00000000eae00000,0x00000000eaf00000)
 ParOldGen       total 459776K, used 459677K [0x00000000c0000000, 0x00000000dc100000, 0x00000000eab00000)
  object space 459776K, 99% used [0x00000000c0000000,0x00000000dc0e7578,0x00000000dc100000)
 Metaspace       used 90133K, committed 91968K, reserved 1179648K
  class space    used 10449K, committed 11328K, reserved 1048576K
}
Event: 113.133 GC heap before
{Heap before GC invocations=1166 (full 4):
 PSYoungGen      total 3584K, used 3481K [0x00000000eab00000, 0x00000000eb000000, 0x0000000100000000)
  eden space 3072K, 99% used [0x00000000eab00000,0x00000000eadfe670,0x00000000eae00000)
  from space 512K, 81% used [0x00000000eaf80000,0x00000000eafe8000,0x00000000eb000000)
  to   space 1024K, 0% used [0x00000000eae00000,0x00000000eae00000,0x00000000eaf00000)
 ParOldGen       total 459776K, used 459677K [0x00000000c0000000, 0x00000000dc100000, 0x00000000eab00000)
  object space 459776K, 99% used [0x00000000c0000000,0x00000000dc0e7578,0x00000000dc100000)
 Metaspace       used 90452K, committed 92352K, reserved 1179648K
  class space    used 10471K, committed 11392K, reserved 1048576K
}
Event: 113.135 GC heap after
{Heap after GC invocations=1166 (full 4):
 PSYoungGen      total 4096K, used 512K [0x00000000eab00000, 0x00000000eb100000, 0x0000000100000000)
  eden space 3072K, 0% used [0x00000000eab00000,0x00000000eab00000,0x00000000eae00000)
  from space 1024K, 50% used [0x00000000eae00000,0x00000000eae80000,0x00000000eaf00000)
  to   space 1024K, 0% used [0x00000000eb000000,0x00000000eb000000,0x00000000eb100000)
 ParOldGen       total 460288K, used 459921K [0x00000000c0000000, 0x00000000dc180000, 0x00000000eab00000)
  object space 460288K, 99% used [0x00000000c0000000,0x00000000dc1247f8,0x00000000dc180000)
 Metaspace       used 90452K, committed 92352K, reserved 1179648K
  class space    used 10471K, committed 11392K, reserved 1048576K
}
Event: 113.171 GC heap before
{Heap before GC invocations=1167 (full 4):
 PSYoungGen      total 4096K, used 3584K [0x00000000eab00000, 0x00000000eb100000, 0x0000000100000000)
  eden space 3072K, 100% used [0x00000000eab00000,0x00000000eae00000,0x00000000eae00000)
  from space 1024K, 50% used [0x00000000eae00000,0x00000000eae80000,0x00000000eaf00000)
  to   space 1024K, 0% used [0x00000000eb000000,0x00000000eb000000,0x00000000eb100000)
 ParOldGen       total 460288K, used 459921K [0x00000000c0000000, 0x00000000dc180000, 0x00000000eab00000)
  object space 460288K, 99% used [0x00000000c0000000,0x00000000dc1247f8,0x00000000dc180000)
 Metaspace       used 90767K, committed 92608K, reserved 1179648K
  class space    used 10506K, committed 11392K, reserved 1048576K
}
Event: 113.173 GC heap after
{Heap after GC invocations=1167 (full 4):
 PSYoungGen      total 4608K, used 426K [0x00000000eab00000, 0x00000000eb080000, 0x0000000100000000)
  eden space 4096K, 0% used [0x00000000eab00000,0x00000000eab00000,0x00000000eaf00000)
  from space 512K, 83% used [0x00000000eb000000,0x00000000eb06a950,0x00000000eb080000)
  to   space 512K, 0% used [0x00000000eaf80000,0x00000000eaf80000,0x00000000eb000000)
 ParOldGen       total 460800K, used 460289K [0x00000000c0000000, 0x00000000dc200000, 0x00000000eab00000)
  object space 460800K, 99% used [0x00000000c0000000,0x00000000dc1807f8,0x00000000dc200000)
 Metaspace       used 90767K, committed 92608K, reserved 1179648K
  class space    used 10506K, committed 11392K, reserved 1048576K
}
Event: 113.202 GC heap before
{Heap before GC invocations=1168 (full 4):
 PSYoungGen      total 4608K, used 4522K [0x00000000eab00000, 0x00000000eb080000, 0x0000000100000000)
  eden space 4096K, 100% used [0x00000000eab00000,0x00000000eaf00000,0x00000000eaf00000)
  from space 512K, 83% used [0x00000000eb000000,0x00000000eb06a950,0x00000000eb080000)
  to   space 512K, 0% used [0x00000000eaf80000,0x00000000eaf80000,0x00000000eb000000)
 ParOldGen       total 460800K, used 460289K [0x00000000c0000000, 0x00000000dc200000, 0x00000000eab00000)
  object space 460800K, 99% used [0x00000000c0000000,0x00000000dc1807f8,0x00000000dc200000)
 Metaspace       used 90997K, committed 92800K, reserved 1179648K
  class space    used 10524K, committed 11392K, reserved 1048576K
}
Event: 113.204 GC heap after
{Heap after GC invocations=1168 (full 4):
 PSYoungGen      total 4608K, used 192K [0x00000000eab00000, 0x00000000eb080000, 0x0000000100000000)
  eden space 4096K, 0% used [0x00000000eab00000,0x00000000eab00000,0x00000000eaf00000)
  from space 512K, 37% used [0x00000000eaf80000,0x00000000eafb0000,0x00000000eb000000)
  to   space 512K, 0% used [0x00000000eb000000,0x00000000eb000000,0x00000000eb080000)
 ParOldGen       total 460800K, used 460441K [0x00000000c0000000, 0x00000000dc200000, 0x00000000eab00000)
  object space 460800K, 99% used [0x00000000c0000000,0x00000000dc1a67f8,0x00000000dc200000)
 Metaspace       used 90997K, committed 92800K, reserved 1179648K
  class space    used 10524K, committed 11392K, reserved 1048576K
}
Event: 4607.054 GC heap before
{Heap before GC invocations=1169 (full 4):
 PSYoungGen      total 4608K, used 4288K [0x00000000eab00000, 0x00000000eb080000, 0x0000000100000000)
  eden space 4096K, 100% used [0x00000000eab00000,0x00000000eaf00000,0x00000000eaf00000)
  from space 512K, 37% used [0x00000000eaf80000,0x00000000eafb0000,0x00000000eb000000)
  to   space 512K, 0% used [0x00000000eb000000,0x00000000eb000000,0x00000000eb080000)
 ParOldGen       total 460800K, used 460441K [0x00000000c0000000, 0x00000000dc200000, 0x00000000eab00000)
  object space 460800K, 99% used [0x00000000c0000000,0x00000000dc1a67f8,0x00000000dc200000)
 Metaspace       used 91072K, committed 92992K, reserved 1179648K
  class space    used 10528K, committed 11392K, reserved 1048576K
}
Event: 4607.175 GC heap after
{Heap after GC invocations=1169 (full 4):
 PSYoungGen      total 4608K, used 410K [0x00000000eab00000, 0x00000000eb080000, 0x0000000100000000)
  eden space 4096K, 0% used [0x00000000eab00000,0x00000000eab00000,0x00000000eaf00000)
  from space 512K, 80% used [0x00000000eb000000,0x00000000eb066920,0x00000000eb080000)
  to   space 512K, 0% used [0x00000000eaf80000,0x00000000eaf80000,0x00000000eb000000)
 ParOldGen       total 460800K, used 460545K [0x00000000c0000000, 0x00000000dc200000, 0x00000000eab00000)
  object space 460800K, 99% used [0x00000000c0000000,0x00000000dc1c07f8,0x00000000dc200000)
 Metaspace       used 91072K, committed 92992K, reserved 1179648K
  class space    used 10528K, committed 11392K, reserved 1048576K
}
Event: 4607.362 GC heap before
{Heap before GC invocations=1170 (full 4):
 PSYoungGen      total 4608K, used 4506K [0x00000000eab00000, 0x00000000eb080000, 0x0000000100000000)
  eden space 4096K, 100% used [0x00000000eab00000,0x00000000eaf00000,0x00000000eaf00000)
  from space 512K, 80% used [0x00000000eb000000,0x00000000eb066920,0x00000000eb080000)
  to   space 512K, 0% used [0x00000000eaf80000,0x00000000eaf80000,0x00000000eb000000)
 ParOldGen       total 460800K, used 460545K [0x00000000c0000000, 0x00000000dc200000, 0x00000000eab00000)
  object space 460800K, 99% used [0x00000000c0000000,0x00000000dc1c07f8,0x00000000dc200000)
 Metaspace       used 91073K, committed 92992K, reserved 1179648K
  class space    used 10528K, committed 11392K, reserved 1048576K
}
Event: 4607.368 GC heap after
{Heap after GC invocations=1170 (full 4):
 PSYoungGen      total 4608K, used 512K [0x00000000eab00000, 0x00000000eb100000, 0x0000000100000000)
  eden space 4096K, 0% used [0x00000000eab00000,0x00000000eab00000,0x00000000eaf00000)
  from space 512K, 100% used [0x00000000eaf80000,0x00000000eb000000,0x00000000eb000000)
  to   space 1024K, 0% used [0x00000000eb000000,0x00000000eb000000,0x00000000eb100000)
 ParOldGen       total 461312K, used 460814K [0x00000000c0000000, 0x00000000dc280000, 0x00000000eab00000)
  object space 461312K, 99% used [0x00000000c0000000,0x00000000dc203a18,0x00000000dc280000)
 Metaspace       used 91073K, committed 92992K, reserved 1179648K
  class space    used 10528K, committed 11392K, reserved 1048576K
}
Event: 4607.428 GC heap before
{Heap before GC invocations=1171 (full 4):
 PSYoungGen      total 4608K, used 4608K [0x00000000eab00000, 0x00000000eb100000, 0x0000000100000000)
  eden space 4096K, 100% used [0x00000000eab00000,0x00000000eaf00000,0x00000000eaf00000)
  from space 512K, 100% used [0x00000000eaf80000,0x00000000eb000000,0x00000000eb000000)
  to   space 1024K, 0% used [0x00000000eb000000,0x00000000eb000000,0x00000000eb100000)
 ParOldGen       total 461312K, used 460814K [0x00000000c0000000, 0x00000000dc280000, 0x00000000eab00000)
  object space 461312K, 99% used [0x00000000c0000000,0x00000000dc203a18,0x00000000dc280000)
 Metaspace       used 91080K, committed 92992K, reserved 1179648K
  class space    used 10528K, committed 11392K, reserved 1048576K
}
Event: 4607.436 GC heap after
{Heap after GC invocations=1171 (full 4):
 PSYoungGen      total 5120K, used 384K [0x00000000eab00000, 0x00000000eb100000, 0x0000000100000000)
  eden space 4096K, 0% used [0x00000000eab00000,0x00000000eab00000,0x00000000eaf00000)
  from space 1024K, 37% used [0x00000000eb000000,0x00000000eb060000,0x00000000eb100000)
  to   space 1024K, 0% used [0x00000000eaf00000,0x00000000eaf00000,0x00000000eb000000)
 ParOldGen       total 461312K, used 461238K [0x00000000c0000000, 0x00000000dc280000, 0x00000000eab00000)
  object space 461312K, 99% used [0x00000000c0000000,0x00000000dc26da28,0x00000000dc280000)
 Metaspace       used 91080K, committed 92992K, reserved 1179648K
  class space    used 10528K, committed 11392K, reserved 1048576K
}

